2019.01.10 19:12:44
Имя: значение не указано
Телефон: 103
Адрес страницы: http://lp.local/

2019.01.10 19:19:43
Имя: значение не указано
Телефон: 103
Адрес страницы: http://lp.local/

2019.01.10 19:22:39
Имя: значение не указано
Телефон: 103
Адрес страницы: http://lp.local/

2019.01.10 19:22:44
Имя: значение не указано
Телефон: 103
Адрес страницы: http://lp.local/

2019.01.10 19:24:58
Имя: значение не указано
Телефон: 103
Дополнительная информация: Услуга 1
Адрес страницы: http://lp.local/

2019.01.10 19:25:28
Имя: значение не указано
Телефон: 103
Дополнительная информация: Услуга 4
Адрес страницы: http://lp.local/

2019.01.10 19:35:34
Имя: значение не указано
Телефон: 103
Почта: значение не указано
Сообщение: значение не указано
Адрес страницы: http://lp.local/

2019.01.10 19:54:06
Имя: 1
Телефон: 1
Почта: значение не указано
Сообщение: значение не указано
Адрес страницы: http://lp.local/

2019.01.10 19:54:11
Имя: 1
Телефон: 1
Почта: значение не указано
Сообщение: значение не указано
Адрес страницы: http://lp.local/

2019.01.10 20:45:37
Имя: значение не указано
Телефон: 103
Почта: значение не указано
Сообщение: значение не указано
Адрес страницы: http://lp.local/

2019.01.10 21:10:05
Имя: 2
Телефон: 103
Почта: значение не указано
Сообщение: значение не указано
Адрес страницы: http://lp.local/

2019.01.10 21:10:12
Имя: значение не указано
Телефон: 4
Дополнительная информация: Услуга 4
Адрес страницы: http://lp.local/

2019.02.06 11:28:35
Имя: значение не указано
Телефон: 103
Дополнительная информация: Услуга 3
Адрес страницы: http://lp.local/services

